(---------------------------------------------------------------------)
(                                                                     )
(    Allegro Netrev Import Logic                                      )
(                                                                     )
(    Drawing          : PCB_STABILIZATOR_EFTIMIE.brd                  )
(    Software Version : 16.6-2015S059                                 )
(    Date/Time        : Wed Dec 06 01:56:03 2023                      )
(                                                                     )
(---------------------------------------------------------------------)


------ Directives ------------

Ripup etch:                  No
Ripup delete first segment:  No
Ripup retain bondwire:       No
Ripup symbols:               Always
Missing symbol has error:    No
DRC update:                  Yes
Schematic directory:         'D:\PROIECTUL_MEU\allegro'
Design Directory:            '.'
Old design name:             'D:/proiectul_meu/allegro/PCB_STABILIZATOR_EFTIMIE.brd'
New design name:             'PCB_STABILIZATOR_EFTIMIE1.brd'

CmdLine: netrev.exe -y 1 -i D:\PROIECTUL_MEU\allegro D:\proiectul_meu\allegro\PCB_STABILIZATOR_EFTIMIE.brd D:\PROIECTUL_MEU\allegro\PCB_STABILIZATOR_EFTIMIE1.brd

------ Preparing to read pst files ------

Starting to read D:/PROIECTUL_MEU/allegro/pstchip.dat 
   Finished reading D:/PROIECTUL_MEU/allegro/pstchip.dat (00:00:00.04)
Starting to read D:/PROIECTUL_MEU/allegro/pstxprt.dat 
   Finished reading D:/PROIECTUL_MEU/allegro/pstxprt.dat (00:00:00.00)
Starting to read D:/PROIECTUL_MEU/allegro/pstxnet.dat 
   Finished reading D:/PROIECTUL_MEU/allegro/pstxnet.dat (00:00:00.00)

------ Oversights/Warnings/Errors ------


------ Library Paths ------
MODULEPATH =  . 
           D:/ORCADADV/share/local/pcb/modules 

PSMPATH =  . 
           symbols 
           .. 
           ../symbols 
           D:/ORCADADV/share/local/pcb/symbols 
           D:/ORCADADV/share/pcb/pcb_lib/symbols 
           D:/ORCADADV/share/pcb/allegrolib/symbols 

PADPATH =  . 
           symbols 
           .. 
           ../symbols 
           D:/ORCADADV/share/local/pcb/padstacks 
           D:/ORCADADV/share/pcb/pcb_lib/symbols 
           D:/ORCADADV/share/pcb/allegrolib/symbols 


------ Summary Statistics ------


netrev run on Dec 6 1:56:03 2023
   DESIGN NAME : 'PCB_STABILIZATOR_EFTIMIE'
   PACKAGING ON Aug  3 2015 18:16:55

   COMPILE 'logic'
   CHECK_PIN_NAMES OFF
   CROSS_REFERENCE OFF
   FEEDBACK OFF
   INCREMENTAL OFF
   INTERFACE_TYPE PHYSICAL
   MAX_ERRORS 500
   MERGE_MINIMUM 5
   NET_NAME_CHARS '#%&()*+-./:=>?@[]^_`|'
   NET_NAME_LENGTH 24
   OVERSIGHTS ON
   REPLACE_CHECK OFF
   SINGLE_NODE_NETS ON
   SPLIT_MINIMUM 0
   SUPPRESS   20
   WARNINGS ON

 No error detected
 No oversight detected
 No warning detected

cpu time      0:00:32
elapsed time  0:00:01

