(---------------------------------------------------------------------)
(                                                                     )
(    ARTWORK LOG                                                      )
(                                                                     )
(    Drawing          : PCB_STABILIZATOR_EFTIMIE1.brd                 )
(    Software Version : 16.6-2015S059                                 )
(    Date/Time        : Sun Dec 10 20:53:34 2023                      )
(                                                                     )
(---------------------------------------------------------------------)


 ---- Photoplot outline rectangle not found; using drawing extents.



Results from parameter file ...
    DEVICE-TYPE           GERBER_RS274X
    OUTPUT-UNITS          INCHES
    FILM-SIZE             2400000 1600000
    FORMAT                2.5
    ABORT-ON-ERROR        NO
    SCALE                 1
    SUPPRESS-LEAD-ZEROES  YES
    SUPPRESS-TRAIL-ZEROES NO
    SUPPRESS-EQUAL        YES
    UNDEF-APT-CONT        NO



================================================================
     PROCESSING FILM < TOP >
     TO FILE < D:/proiectul_meu/allegro/TOP.art > ...
================================================================

  FILM PARAMETERS :
  ---------------------------------------------------------
  Undefined line width                0.10
  Mirror code                         NONE
  Rotate angle                        NONE
  Offset x:                           0.00
  Offset y:                           0.00
  Plot negative                       NO
  Suppress unconnected internal pads  NO
  Draw holes only                     NO



  APERTURES USED:
  ---------------------------------------------------------
  TYPE       SIZE/NAME                   ROT   MIRROR MODE 
  ---------------------------------------------------------
  CIRCLE     0.01600                                  DARK 
  CIRCLE     0.02400                                  DARK 
  CIRCLE     0.04000                                  DARK 
  SQUARE     0.05000                     0.000 NO     DARK 
  SQUARE     0.05118                     0.000 NO     DARK 
  RECTANGLE  0.05000     x 0.03600       0.000 NO     DARK 
  RECTANGLE  0.05000     x 0.03600      90.000 NO     DARK 
  RECTANGLE  0.05118     x 0.07874      90.000 NO     DARK 
  RECTANGLE  0.07600     x 0.04800      90.000 NO     DARK 
  RECTANGLE  0.08000     x 0.12000      90.000 NO     DARK 
  RECTANGLE  0.11811     x 0.06299      90.000 NO     DARK 
  RECTANGLE  0.24409     x 0.22835      90.000 NO     DARK 

     TOP created.


================================================================
     PROCESSING FILM < BOTTOM >
     TO FILE < D:/proiectul_meu/allegro/BOTTOM.art > ...
================================================================

  FILM PARAMETERS :
  ---------------------------------------------------------
  Undefined line width                0.10
  Mirror code                         NONE
  Rotate angle                        NONE
  Offset x:                           0.00
  Offset y:                           0.00
  Plot negative                       NO
  Suppress unconnected internal pads  NO
  Draw holes only                     NO



  APERTURES USED:
  ---------------------------------------------------------
  TYPE       SIZE/NAME                   ROT   MIRROR MODE 
  ---------------------------------------------------------
  CIRCLE     0.01600                                  DARK 
  CIRCLE     0.02400                                  DARK 

     BOTTOM created.


================================================================
     PROCESSING FILM < BO >
     TO FILE < D:/proiectul_meu/allegro/BO.art > ...
================================================================

  FILM PARAMETERS :
  ---------------------------------------------------------
  Undefined line width                0.10
  Mirror code                         NONE
  Rotate angle                        NONE
  Offset x:                           0.00
  Offset y:                           0.00
  Plot negative                       NO
  Suppress unconnected internal pads  NO
  Draw holes only                     NO



  APERTURES USED:
  ---------------------------------------------------------
  TYPE       SIZE/NAME                   ROT   MIRROR MODE 
  ---------------------------------------------------------
  CIRCLE     0.00010                                  DARK 

     BO created.


================================================================
     PROCESSING FILM < SMTOP >
     TO FILE < D:/proiectul_meu/allegro/SMTOP.art > ...
================================================================

  FILM PARAMETERS :
  ---------------------------------------------------------
  Undefined line width                0.10
  Mirror code                         NONE
  Rotate angle                        NONE
  Offset x:                           0.00
  Offset y:                           0.00
  Plot negative                       NO
  Suppress unconnected internal pads  NO
  Draw holes only                     NO



  APERTURES USED:
  ---------------------------------------------------------
  TYPE       SIZE/NAME                   ROT   MIRROR MODE 
  ---------------------------------------------------------
  CIRCLE     0.03400                                  DARK 
  CIRCLE     0.08000                                  DARK 
  SQUARE     0.06000                     0.000 NO     DARK 
  SQUARE     0.06118                     0.000 NO     DARK 
  RECTANGLE  0.06000     x 0.04600       0.000 NO     DARK 
  RECTANGLE  0.06000     x 0.04600      90.000 NO     DARK 
  RECTANGLE  0.06200     x 0.08900      90.000 NO     DARK 
  RECTANGLE  0.08600     x 0.05800      90.000 NO     DARK 
  RECTANGLE  0.09000     x 0.13000      90.000 NO     DARK 
  RECTANGLE  0.12798     x 0.07287      90.000 NO     DARK 
  RECTANGLE  0.25409     x 0.23835      90.000 NO     DARK 

     SMTOP created.


================================================================
     PROCESSING FILM < SMBOT >
     TO FILE < D:/proiectul_meu/allegro/SMBOT.art > ...
================================================================

  FILM PARAMETERS :
  ---------------------------------------------------------
  Undefined line width                0.10
  Mirror code                         NONE
  Rotate angle                        NONE
  Offset x:                           0.00
  Offset y:                           0.00
  Plot negative                       NO
  Suppress unconnected internal pads  NO
  Draw holes only                     NO



  APERTURES USED:
  ---------------------------------------------------------
  TYPE       SIZE/NAME                   ROT   MIRROR MODE 
  ---------------------------------------------------------
  CIRCLE     0.03400                                  DARK 

     SMBOT created.


================================================================
     PROCESSING FILM < SPTOP >
     TO FILE < D:/proiectul_meu/allegro/SPTOP.art > ...
================================================================

  FILM PARAMETERS :
  ---------------------------------------------------------
  Undefined line width                0.10
  Mirror code                         NONE
  Rotate angle                        NONE
  Offset x:                           0.00
  Offset y:                           0.00
  Plot negative                       NO
  Suppress unconnected internal pads  NO
  Draw holes only                     NO



  APERTURES USED:
  ---------------------------------------------------------
  TYPE       SIZE/NAME                   ROT   MIRROR MODE 
  ---------------------------------------------------------
  CIRCLE     0.04000                                  DARK 
  SQUARE     0.04500                     0.000 NO     DARK 
  SQUARE     0.04600                     0.000 NO     DARK 
  RECTANGLE  0.04500     x 0.03240       0.000 NO     DARK 
  RECTANGLE  0.04500     x 0.03240      90.000 NO     DARK 
  RECTANGLE  0.04680     x 0.07110      90.000 NO     DARK 
  RECTANGLE  0.06840     x 0.04320      90.000 NO     DARK 
  RECTANGLE  0.07200     x 0.10800      90.000 NO     DARK 
  RECTANGLE  0.10630     x 0.05669      90.000 NO     DARK 
  RECTANGLE  0.21968     x 0.20552      90.000 NO     DARK 

     SPTOP created.


================================================================
     PROCESSING FILM < SSTOP >
     TO FILE < D:/proiectul_meu/allegro/SSTOP.art > ...
================================================================

  FILM PARAMETERS :
  ---------------------------------------------------------
  Undefined line width                0.10
  Mirror code                         NONE
  Rotate angle                        NONE
  Offset x:                           0.00
  Offset y:                           0.00
  Plot negative                       NO
  Suppress unconnected internal pads  NO
  Draw holes only                     NO



  APERTURES USED:
  ---------------------------------------------------------
  TYPE       SIZE/NAME                   ROT   MIRROR MODE 
  ---------------------------------------------------------
  CIRCLE     0.00070                                  DARK 
  CIRCLE     0.00600                                  DARK 
  CIRCLE     0.00700                                  DARK 
  CIRCLE     0.00787                                  DARK 

     SSTOP created.


================================================================
     PROCESSING FILM < FAB >
     TO FILE < D:/proiectul_meu/allegro/FAB.art > ...
================================================================

  FILM PARAMETERS :
  ---------------------------------------------------------
  Undefined line width                0.10
  Mirror code                         NONE
  Rotate angle                        NONE
  Offset x:                           0.00
  Offset y:                           0.00
  Plot negative                       NO
  Suppress unconnected internal pads  NO
  Draw holes only                     NO

    WARNING: text composed 0 width line found at (-231.50 -1038.50)
           ... using undefined line width of 0.10

    WARNING: 0 width line found at (-681.00 -1101.00)
           ... using undefined line width of 0.10

    WARNING: Multiple 0 width lines; all will be treated the same as the first.
           ... using undefined line width of 0.10

    WARNING: text having Multiple 0 width lines; all will be treated the same as the first.
           ... using undefined line width of 0.10



  APERTURES USED:
  ---------------------------------------------------------
  TYPE       SIZE/NAME                   ROT   MIRROR MODE 
  ---------------------------------------------------------
  CIRCLE     0.00010                                  DARK 
  CIRCLE     0.00700                                  DARK 

     FAB created with warnings


------------------------------------------------------
 SUMMARY:
        TOP created.
        BOTTOM created.
        BO created.
        SMTOP created.
        SMBOT created.
        SPTOP created.
        SSTOP created.
        FAB created with warnings

 ARTWORK had warnings
