Sat Dec 09 19:56:52 2023				Page     1


 
Update Symbols/Modules Logfile
	Sat Dec 09 19:56:52 2023

------ Module Refresh Messages ------

SUMMARY:    Updated 0 out of 0 modules

------ End Module Messages     ------



(---------------------------------------------------------------------)
(                                                                     )
(    Refresh Symbol                                                   )
(                                                                     )
(    Drawing          : PCB_STABILIZATOR_EFTIMIE1.brd                 )
(    Software Version : 16.6-2015S059                                 )
(    Date/Time        : Sat Dec 09 19:56:53 2023                      )
(                                                                     )
(---------------------------------------------------------------------)


Sat Dec 09 19:56:53 2023				Page     1


------ Symbol Refresh Directives ------

Input design  = 'D:/proiectul_meu/allegro/PCB_STABILIZATOR_EFTIMIE1.brd'
Output design = ''

Update mechanical symbols              = 'NO'
Update format symbols                  = 'NO'
Update package symbols                 = 'NO'
Update shape/flash symbols             = 'NO'
Update symbol padstacks                = 'NO'
Preserve padstacks replaced on pins    = 'NO'
Reset symbol text and size locations   = 'NO'
Reset Pin Escapes (fanouts)            = 'NO'
Ripup Etch                             = 'NO'
Reset custom drill data                = 'NO'
Symbol list file                       = 'C:/Users/alber/AppData/Local/Temp/#Taaaaav21896.tmp'


------ Library Paths ------
PSMPATH =  . 
           symbols 
           .. 
           ../symbols 
           D:/ORCADADV/share/local/pcb/symbols 
           D:/ORCADADV/share/pcb/pcb_lib/symbols 
           D:/ORCADADV/share/pcb/allegrolib/symbols 

PADPATH =  . 
           symbols 
           .. 
           ../symbols 
           D:/ORCADADV/share/local/pcb/padstacks 
           D:/ORCADADV/share/pcb/pcb_lib/symbols 
           D:/ORCADADV/share/pcb/allegrolib/symbols 


------ Symbol Refresh Messages ------

'TO236AA'  symbol refreshed successfully.


----- Symbol Update Summary ----

Updated symbols: 1 out 1
    Design updated.

